<?xml version="1.0" encoding="UTF-8"?>
<testng-results ignored="0" total="1" passed="1" failed="0" skipped="0">
  <reporter-output>
  </reporter-output>
  <suite started-at="2022-02-04T14:43:23 CST" name="Default suite" finished-at="2022-02-04T14:43:51 CST" duration-ms="28697">
    <groups>
    </groups>
    <test started-at="2022-02-04T14:43:23 CST" name="Default test" finished-at="2022-02-04T14:43:51 CST" duration-ms="28697">
      <class name="TestsDSalgo.HomePageTest">
        <test-method signature="setup()[pri:0, instance:TestsDSalgo.HomePageTest@36bc55de]" started-at="2022-02-04T14:43:23 CST" name="setup" finished-at="2022-02-04T14:43:51 CST" duration-ms="28639" status="PASS">
          <reporter-output>
          </reporter-output>
        </test-method> <!-- setup -->
      </class> <!-- TestsDSalgo.HomePageTest -->
    </test> <!-- Default test -->
  </suite> <!-- Default suite -->
</testng-results>
